<?xml version="1.0" encoding="UTF-8"?>
<!-- Generated by org.testng.reporters.JUnitReportReporter -->
<testsuite hostname="00660f8a3e1950a" failures="0" tests="1" name="TestNG.Demotest2" time="5.507" errors="0" timestamp="2023-09-25T13:56:41 IST" skipped="0">
  <testcase classname="TestNG.Demotest2" name="testtitle" time="5.507"/>
</testsuite> <!-- TestNG.Demotest2 -->
