<?xml version="1.0" encoding="UTF-8"?>
<!-- Generated by org.testng.reporters.JUnitReportReporter -->
<testsuite hostname="00660f8a3e1950a" failures="0" tests="1" name="Demotest2" time="6.262" errors="0" timestamp="2023-09-25T12:29:58 IST" skipped="0">
  <testcase classname="Demotest2" name="testtitle" time="6.262"/>
</testsuite> <!-- Demotest2 -->
