<?xml version="1.0" encoding="UTF-8"?>
<!-- Generated by org.testng.reporters.JUnitReportReporter -->
<testsuite hostname="00660f8a3e1950a" failures="0" tests="1" name="Demotest" time="0.010" errors="0" timestamp="2023-09-25T13:53:57 IST" skipped="0">
  <testcase classname="Demotest" name="alogin" time="0.010"/>
</testsuite> <!-- Demotest -->
