<?xml version="1.0" encoding="UTF-8"?>
<!-- Generated by org.testng.reporters.JUnitReportReporter -->
<testsuite hostname="00660f8a3e1950a" failures="0" tests="1" name="TestNG.Demotest3" time="11.041" errors="0" timestamp="2023-09-25T14:30:41 IST" skipped="0">
  <testcase classname="TestNG.Demotest3" name="test3" time="11.041"/>
</testsuite> <!-- TestNG.Demotest3 -->
